{"/home/nocosttolove/Projetos/Controle Farmacêutico/api/src/app/app.ts": {"path":"/home/nocosttolove/Projetos/Controle Farmacêutico/api/src/app/app.ts","statementMap":{"0":{"start":{"line":1,"column":0},"end":{"line":1,"column":30}},"1":{"start":{"line":2,"column":0},"end":{"line":2,"column":23}},"2":{"start":{"line":3,"column":0},"end":{"line":3,"column":29}},"3":{"start":{"line":4,"column":0},"end":{"line":4,"column":50}},"4":{"start":{"line":6,"column":12},"end":{"line":6,"column":21}},"5":{"start":{"line":8,"column":0},"end":{"line":8,"column":null}},"6":{"start":{"line":10,"column":0},"end":{"line":10,"column":null}},"7":{"start":{"line":11,"column":0},"end":{"line":11,"column":null}},"8":{"start":{"line":13,"column":0},"end":{"line":13,"column":null}},"9":{"start":{"line":15,"column":0},"end":{"line":15,"column":null}}},"fnMap":{},"branchMap":{},"s":{"0":3,"1":3,"2":3,"3":3,"4":3,"5":3,"6":3,"7":3,"8":3,"9":3},"f":{},"b":{}}
,"/home/nocosttolove/Projetos/Controle Farmacêutico/api/src/app/controllers/AutenticacaoControllers.ts": {"path":"/home/nocosttolove/Projetos/Controle Farmacêutico/api/src/app/controllers/AutenticacaoControllers.ts","statementMap":{"0":{"start":{"line":2,"column":0},"end":{"line":2,"column":56}},"1":{"start":{"line":3,"column":0},"end":{"line":3,"column":70}},"2":{"start":{"line":7,"column":8},"end":{"line":20,"column":3}},"3":{"start":{"line":8,"column":15},"end":{"line":8,"column":35}},"4":{"start":{"line":10,"column":2},"end":{"line":19,"column":3}},"5":{"start":{"line":11,"column":19},"end":{"line":11,"column":36}},"6":{"start":{"line":13,"column":20},"end":{"line":13,"column":55}},"7":{"start":{"line":15,"column":3},"end":{"line":15,"column":41}},"8":{"start":{"line":17,"column":26},"end":{"line":17,"column":39}},"9":{"start":{"line":18,"column":3},"end":{"line":18,"column":40}},"10":{"start":{"line":22,"column":8},"end":{"line":24,"column":3}},"11":{"start":{"line":23,"column":2},"end":{"line":23,"column":20}},"12":{"start":{"line":26,"column":8},"end":{"line":28,"column":3}},"13":{"start":{"line":27,"column":2},"end":{"line":27,"column":32}},"14":{"start":{"line":30,"column":8},"end":{"line":32,"column":3}},"15":{"start":{"line":31,"column":2},"end":{"line":31,"column":31}},"16":{"start":{"line":34,"column":8},"end":{"line":36,"column":3}},"17":{"start":{"line":35,"column":2},"end":{"line":35,"column":29}},"18":{"start":{"line":38,"column":8},"end":{"line":40,"column":3}},"19":{"start":{"line":39,"column":2},"end":{"line":39,"column":30}},"20":{"start":{"line":42,"column":0},"end":{"line":42,"column":39}}},"fnMap":{"0":{"name":"(anonymous_8)","decl":{"start":{"line":7,"column":35},"end":{"line":7,"column":51}},"loc":{"start":{"line":7,"column":65},"end":{"line":20,"column":3}}},"1":{"name":"(anonymous_10)","decl":{"start":{"line":22,"column":32},"end":{"line":22,"column":48}},"loc":{"start":{"line":22,"column":62},"end":{"line":24,"column":3}}},"2":{"name":"(anonymous_12)","decl":{"start":{"line":26,"column":43},"end":{"line":26,"column":59}},"loc":{"start":{"line":26,"column":73},"end":{"line":28,"column":3}}},"3":{"name":"(anonymous_14)","decl":{"start":{"line":30,"column":42},"end":{"line":30,"column":58}},"loc":{"start":{"line":30,"column":72},"end":{"line":32,"column":3}}},"4":{"name":"(anonymous_16)","decl":{"start":{"line":34,"column":40},"end":{"line":34,"column":56}},"loc":{"start":{"line":34,"column":70},"end":{"line":36,"column":3}}},"5":{"name":"(anonymous_18)","decl":{"start":{"line":38,"column":41},"end":{"line":38,"column":57}},"loc":{"start":{"line":38,"column":71},"end":{"line":40,"column":3}}}},"branchMap":{},"s":{"0":3,"1":3,"2":3,"3":3,"4":3,"5":3,"6":3,"7":1,"8":2,"9":2,"10":3,"11":3,"12":3,"13":0,"14":3,"15":0,"16":3,"17":0,"18":3,"19":0,"20":3},"f":{"0":3,"1":3,"2":0,"3":0,"4":0,"5":0},"b":{}}
,"/home/nocosttolove/Projetos/Controle Farmacêutico/api/src/app/controllers/EntidadesControllers.ts": {"path":"/home/nocosttolove/Projetos/Controle Farmacêutico/api/src/app/controllers/EntidadesControllers.ts","statementMap":{"0":{"start":{"line":4,"column":8},"end":{"line":6,"column":null}},"1":{"start":{"line":5,"column":2},"end":{"line":5,"column":null}},"2":{"start":{"line":8,"column":8},"end":{"line":10,"column":null}},"3":{"start":{"line":9,"column":2},"end":{"line":9,"column":null}},"4":{"start":{"line":12,"column":8},"end":{"line":14,"column":null}},"5":{"start":{"line":13,"column":2},"end":{"line":13,"column":null}},"6":{"start":{"line":16,"column":8},"end":{"line":18,"column":null}},"7":{"start":{"line":17,"column":2},"end":{"line":17,"column":null}},"8":{"start":{"line":20,"column":8},"end":{"line":22,"column":null}},"9":{"start":{"line":21,"column":2},"end":{"line":21,"column":null}},"10":{"start":{"line":24,"column":0},"end":{"line":24,"column":36}}},"fnMap":{"0":{"name":"(anonymous_7)","decl":{"start":{"line":4,"column":49},"end":{"line":4,"column":65}},"loc":{"start":{"line":4,"column":79},"end":{"line":6,"column":null}}},"1":{"name":"(anonymous_9)","decl":{"start":{"line":8,"column":42},"end":{"line":8,"column":58}},"loc":{"start":{"line":8,"column":72},"end":{"line":10,"column":null}}},"2":{"name":"(anonymous_11)","decl":{"start":{"line":12,"column":40},"end":{"line":12,"column":56}},"loc":{"start":{"line":12,"column":70},"end":{"line":14,"column":null}}},"3":{"name":"(anonymous_13)","decl":{"start":{"line":16,"column":44},"end":{"line":16,"column":60}},"loc":{"start":{"line":16,"column":74},"end":{"line":18,"column":null}}},"4":{"name":"(anonymous_15)","decl":{"start":{"line":20,"column":42},"end":{"line":20,"column":58}},"loc":{"start":{"line":20,"column":72},"end":{"line":22,"column":null}}}},"branchMap":{},"s":{"0":3,"1":2,"2":3,"3":1,"4":3,"5":3,"6":3,"7":0,"8":3,"9":2,"10":3},"f":{"0":2,"1":1,"2":3,"3":0,"4":2},"b":{}}
,"/home/nocosttolove/Projetos/Controle Farmacêutico/api/src/app/controllers/FarmaciasControllers.ts": {"path":"/home/nocosttolove/Projetos/Controle Farmacêutico/api/src/app/controllers/FarmaciasControllers.ts","statementMap":{"0":{"start":{"line":4,"column":8},"end":{"line":10,"column":3}},"1":{"start":{"line":9,"column":2},"end":{"line":9,"column":40}},"2":{"start":{"line":12,"column":8},"end":{"line":14,"column":3}},"3":{"start":{"line":13,"column":2},"end":{"line":13,"column":30}},"4":{"start":{"line":16,"column":8},"end":{"line":18,"column":3}},"5":{"start":{"line":17,"column":2},"end":{"line":17,"column":33}},"6":{"start":{"line":20,"column":8},"end":{"line":22,"column":3}},"7":{"start":{"line":21,"column":2},"end":{"line":21,"column":33}},"8":{"start":{"line":24,"column":8},"end":{"line":26,"column":3}},"9":{"start":{"line":25,"column":2},"end":{"line":25,"column":31}},"10":{"start":{"line":28,"column":8},"end":{"line":34,"column":3}},"11":{"start":{"line":33,"column":2},"end":{"line":33,"column":41}},"12":{"start":{"line":36,"column":8},"end":{"line":42,"column":3}},"13":{"start":{"line":41,"column":2},"end":{"line":41,"column":43}},"14":{"start":{"line":45,"column":0},"end":{"line":45,"column":35}}},"fnMap":{"0":{"name":"(anonymous_7)","decl":{"start":{"line":4,"column":49},"end":{"line":4,"column":null}},"loc":{"start":{"line":7,"column":6},"end":{"line":10,"column":3}}},"1":{"name":"(anonymous_9)","decl":{"start":{"line":12,"column":42},"end":{"line":12,"column":58}},"loc":{"start":{"line":12,"column":72},"end":{"line":14,"column":3}}},"2":{"name":"(anonymous_11)","decl":{"start":{"line":16,"column":40},"end":{"line":16,"column":56}},"loc":{"start":{"line":16,"column":70},"end":{"line":18,"column":3}}},"3":{"name":"(anonymous_13)","decl":{"start":{"line":20,"column":44},"end":{"line":20,"column":60}},"loc":{"start":{"line":20,"column":74},"end":{"line":22,"column":3}}},"4":{"name":"(anonymous_15)","decl":{"start":{"line":24,"column":42},"end":{"line":24,"column":58}},"loc":{"start":{"line":24,"column":72},"end":{"line":26,"column":3}}},"5":{"name":"(anonymous_17)","decl":{"start":{"line":28,"column":51},"end":{"line":28,"column":null}},"loc":{"start":{"line":31,"column":6},"end":{"line":34,"column":3}}},"6":{"name":"(anonymous_19)","decl":{"start":{"line":36,"column":51},"end":{"line":36,"column":null}},"loc":{"start":{"line":39,"column":6},"end":{"line":42,"column":3}}}},"branchMap":{},"s":{"0":3,"1":0,"2":3,"3":0,"4":3,"5":0,"6":3,"7":0,"8":3,"9":0,"10":3,"11":0,"12":3,"13":0,"14":3},"f":{"0":0,"1":0,"2":0,"3":0,"4":0,"5":0,"6":0},"b":{}}
,"/home/nocosttolove/Projetos/Controle Farmacêutico/api/src/app/controllers/UsuariosControllers.ts": {"path":"/home/nocosttolove/Projetos/Controle Farmacêutico/api/src/app/controllers/UsuariosControllers.ts","statementMap":{"0":{"start":{"line":4,"column":8},"end":{"line":6,"column":3}},"1":{"start":{"line":5,"column":2},"end":{"line":5,"column":35}},"2":{"start":{"line":8,"column":8},"end":{"line":10,"column":3}},"3":{"start":{"line":9,"column":2},"end":{"line":9,"column":30}},"4":{"start":{"line":12,"column":8},"end":{"line":14,"column":3}},"5":{"start":{"line":13,"column":2},"end":{"line":13,"column":28}},"6":{"start":{"line":16,"column":8},"end":{"line":18,"column":3}},"7":{"start":{"line":17,"column":2},"end":{"line":17,"column":32}},"8":{"start":{"line":20,"column":8},"end":{"line":22,"column":3}},"9":{"start":{"line":21,"column":2},"end":{"line":21,"column":33}},"10":{"start":{"line":24,"column":0},"end":{"line":24,"column":35}}},"fnMap":{"0":{"name":"(anonymous_7)","decl":{"start":{"line":4,"column":44},"end":{"line":4,"column":60}},"loc":{"start":{"line":4,"column":74},"end":{"line":6,"column":3}}},"1":{"name":"(anonymous_9)","decl":{"start":{"line":8,"column":41},"end":{"line":8,"column":57}},"loc":{"start":{"line":8,"column":71},"end":{"line":10,"column":3}}},"2":{"name":"(anonymous_11)","decl":{"start":{"line":12,"column":39},"end":{"line":12,"column":55}},"loc":{"start":{"line":12,"column":69},"end":{"line":14,"column":3}}},"3":{"name":"(anonymous_13)","decl":{"start":{"line":16,"column":43},"end":{"line":16,"column":59}},"loc":{"start":{"line":16,"column":73},"end":{"line":18,"column":3}}},"4":{"name":"(anonymous_15)","decl":{"start":{"line":20,"column":41},"end":{"line":20,"column":57}},"loc":{"start":{"line":20,"column":71},"end":{"line":22,"column":3}}}},"branchMap":{},"s":{"0":3,"1":0,"2":3,"3":0,"4":3,"5":0,"6":3,"7":0,"8":3,"9":0,"10":3},"f":{"0":0,"1":0,"2":0,"3":0,"4":0},"b":{}}
,"/home/nocosttolove/Projetos/Controle Farmacêutico/api/src/app/models/Usuario.ts": {"path":"/home/nocosttolove/Projetos/Controle Farmacêutico/api/src/app/models/Usuario.ts","statementMap":{"0":{"start":{"line":1,"column":0},"end":{"line":1,"column":32}},"1":{"start":{"line":2,"column":0},"end":{"line":2,"column":45}},"2":{"start":{"line":3,"column":0},"end":{"line":3,"column":null}},"3":{"start":{"line":9,"column":35},"end":{"line":31,"column":null}},"4":{"start":{"line":34,"column":22},"end":{"line":90,"column":2}},"5":{"start":{"line":42,"column":4},"end":{"line":42,"column":25}},"6":{"start":{"line":80,"column":4},"end":{"line":80,"column":null}},"7":{"start":{"line":92,"column":21},"end":{"line":92,"column":61}},"8":{"start":{"line":94,"column":0},"end":{"line":94,"column":28}}},"fnMap":{"0":{"name":"(anonymous_1)","decl":{"start":{"line":41,"column":14},"end":{"line":41,"column":15}},"loc":{"start":{"line":41,"column":28},"end":{"line":43,"column":4}}},"1":{"name":"(anonymous_2)","decl":{"start":{"line":79,"column":14},"end":{"line":79,"column":15}},"loc":{"start":{"line":79,"column":28},"end":{"line":81,"column":4}}}},"branchMap":{},"s":{"0":4,"1":4,"2":4,"3":4,"4":4,"5":1,"6":2,"7":4,"8":4},"f":{"0":1,"1":2},"b":{}}
,"/home/nocosttolove/Projetos/Controle Farmacêutico/api/src/app/repositories/Usuario.repository.ts": {"path":"/home/nocosttolove/Projetos/Controle Farmacêutico/api/src/app/repositories/Usuario.repository.ts","statementMap":{"0":{"start":{"line":3,"column":0},"end":{"line":3,"column":45}},"1":{"start":{"line":10,"column":18},"end":{"line":10,"column":40}},"2":{"start":{"line":11,"column":31},"end":{"line":11,"column":40}},"3":{"start":{"line":13,"column":26},"end":{"line":13,"column":65}},"4":{"start":{"line":15,"column":2},"end":{"line":17,"column":3}},"5":{"start":{"line":16,"column":3},"end":{"line":16,"column":58}},"6":{"start":{"line":19,"column":22},"end":{"line":19,"column":74}},"7":{"start":{"line":21,"column":2},"end":{"line":50,"column":3}},"8":{"start":{"line":22,"column":3},"end":{"line":25,"column":5}},"9":{"start":{"line":27,"column":3},"end":{"line":49,"column":4}},"10":{"start":{"line":28,"column":4},"end":{"line":28,"column":25}},"11":{"start":{"line":30,"column":25},"end":{"line":30,"column":48}},"12":{"start":{"line":31,"column":27},"end":{"line":31,"column":39}},"13":{"start":{"line":32,"column":23},"end":{"line":32,"column":25}},"14":{"start":{"line":33,"column":17},"end":{"line":33,"column":20}},"15":{"start":{"line":35,"column":4},"end":{"line":43,"column":5}},"16":{"start":{"line":39,"column":5},"end":{"line":39,"column":18}},"17":{"start":{"line":40,"column":5},"end":{"line":42,"column":8}},"18":{"start":{"line":41,"column":6},"end":{"line":41,"column":43}},"19":{"start":{"line":45,"column":4},"end":{"line":48,"column":6}},"20":{"start":{"line":52,"column":2},"end":{"line":52,"column":47}},"21":{"start":{"line":58,"column":0},"end":{"line":58,"column":33}}},"fnMap":{"0":{"name":"(anonymous_8)","decl":{"start":{"line":7,"column":1},"end":{"line":7,"column":7}},"loc":{"start":{"line":7,"column":29},"end":{"line":7,"column":33}}},"1":{"name":"(anonymous_9)","decl":{"start":{"line":8,"column":1},"end":{"line":8,"column":7}},"loc":{"start":{"line":8,"column":32},"end":{"line":8,"column":36}}},"2":{"name":"(anonymous_10)","decl":{"start":{"line":9,"column":1},"end":{"line":9,"column":7}},"loc":{"start":{"line":9,"column":41},"end":{"line":53,"column":null}}},"3":{"name":"(anonymous_12)","decl":{"start":{"line":40,"column":37},"end":{"line":40,"column":38}},"loc":{"start":{"line":40,"column":43},"end":{"line":42,"column":6}}},"4":{"name":"(anonymous_13)","decl":{"start":{"line":54,"column":1},"end":{"line":54,"column":7}},"loc":{"start":{"line":54,"column":43},"end":{"line":54,"column":47}}},"5":{"name":"(anonymous_14)","decl":{"start":{"line":55,"column":1},"end":{"line":55,"column":7}},"loc":{"start":{"line":55,"column":32},"end":{"line":55,"column":36}}}},"branchMap":{"0":{"loc":{"start":{"line":15,"column":2},"end":{"line":17,"column":3}},"type":"if","locations":[{"start":{"line":15,"column":2},"end":{"line":17,"column":3}}]},"1":{"loc":{"start":{"line":21,"column":2},"end":{"line":50,"column":3}},"type":"if","locations":[{"start":{"line":21,"column":2},"end":{"line":50,"column":3}},{"start":{"line":26,"column":9},"end":{"line":50,"column":3}}]},"2":{"loc":{"start":{"line":35,"column":4},"end":{"line":43,"column":5}},"type":"if","locations":[{"start":{"line":35,"column":4},"end":{"line":43,"column":5}}]},"3":{"loc":{"start":{"line":36,"column":5},"end":{"line":37,"column":55}},"type":"binary-expr","locations":[{"start":{"line":36,"column":5},"end":{"line":36,"column":17}},{"start":{"line":37,"column":5},"end":{"line":37,"column":55}}]}},"s":{"0":3,"1":3,"2":3,"3":3,"4":3,"5":1,"6":3,"7":3,"8":1,"9":2,"10":2,"11":1,"12":1,"13":1,"14":1,"15":1,"16":1,"17":1,"18":7,"19":1,"20":3,"21":3},"f":{"0":0,"1":0,"2":3,"3":7,"4":0,"5":0},"b":{"0":[1],"1":[1,2],"2":[1],"3":[1,1]}}
,"/home/nocosttolove/Projetos/Controle Farmacêutico/api/src/app/routes/autenticacaoRoutes.ts": {"path":"/home/nocosttolove/Projetos/Controle Farmacêutico/api/src/app/routes/autenticacaoRoutes.ts","statementMap":{"0":{"start":{"line":1,"column":0},"end":{"line":1,"column":33}},"1":{"start":{"line":2,"column":0},"end":{"line":2,"column":77}},"2":{"start":{"line":4,"column":27},"end":{"line":4,"column":35}},"3":{"start":{"line":6,"column":0},"end":{"line":6,"column":65}},"4":{"start":{"line":7,"column":0},"end":{"line":7,"column":71}},"5":{"start":{"line":8,"column":0},"end":{"line":8,"column":null}},"6":{"start":{"line":9,"column":0},"end":{"line":9,"column":null}},"7":{"start":{"line":10,"column":0},"end":{"line":10,"column":null}},"8":{"start":{"line":11,"column":0},"end":{"line":11,"column":null}},"9":{"start":{"line":13,"column":0},"end":{"line":13,"column":null}}},"fnMap":{},"branchMap":{},"s":{"0":3,"1":3,"2":3,"3":3,"4":3,"5":3,"6":3,"7":3,"8":3,"9":3},"f":{},"b":{}}
,"/home/nocosttolove/Projetos/Controle Farmacêutico/api/src/app/routes/entidadesRoutes.ts": {"path":"/home/nocosttolove/Projetos/Controle Farmacêutico/api/src/app/routes/entidadesRoutes.ts","statementMap":{"0":{"start":{"line":1,"column":0},"end":{"line":1,"column":33}},"1":{"start":{"line":2,"column":0},"end":{"line":2,"column":71}},"2":{"start":{"line":4,"column":24},"end":{"line":4,"column":32}},"3":{"start":{"line":6,"column":0},"end":{"line":6,"column":72}},"4":{"start":{"line":8,"column":0},"end":{"line":8,"column":70}},"5":{"start":{"line":10,"column":0},"end":{"line":14,"column":47}},"6":{"start":{"line":16,"column":0},"end":{"line":16,"column":null}}},"fnMap":{},"branchMap":{},"s":{"0":3,"1":3,"2":3,"3":3,"4":3,"5":3,"6":3},"f":{},"b":{}}
,"/home/nocosttolove/Projetos/Controle Farmacêutico/api/src/app/routes/farmaciaRoutes.ts": {"path":"/home/nocosttolove/Projetos/Controle Farmacêutico/api/src/app/routes/farmaciaRoutes.ts","statementMap":{"0":{"start":{"line":1,"column":0},"end":{"line":1,"column":33}},"1":{"start":{"line":2,"column":0},"end":{"line":2,"column":70}},"2":{"start":{"line":4,"column":23},"end":{"line":4,"column":31}},"3":{"start":{"line":6,"column":0},"end":{"line":6,"column":null}},"4":{"start":{"line":7,"column":0},"end":{"line":7,"column":null}},"5":{"start":{"line":9,"column":0},"end":{"line":9,"column":null}},"6":{"start":{"line":10,"column":0},"end":{"line":10,"column":null}},"7":{"start":{"line":12,"column":0},"end":{"line":15,"column":null}},"8":{"start":{"line":18,"column":0},"end":{"line":18,"column":null}}},"fnMap":{},"branchMap":{},"s":{"0":3,"1":3,"2":3,"3":3,"4":3,"5":3,"6":3,"7":3,"8":3},"f":{},"b":{}}
,"/home/nocosttolove/Projetos/Controle Farmacêutico/api/src/app/routes/index.ts": {"path":"/home/nocosttolove/Projetos/Controle Farmacêutico/api/src/app/routes/index.ts","statementMap":{"0":{"start":{"line":2,"column":0},"end":{"line":2,"column":54}},"1":{"start":{"line":3,"column":0},"end":{"line":3,"column":44}},"2":{"start":{"line":4,"column":0},"end":{"line":4,"column":48}},"3":{"start":{"line":5,"column":0},"end":{"line":5,"column":46}},"4":{"start":{"line":7,"column":14},"end":{"line":18,"column":1}},"5":{"start":{"line":8,"column":1},"end":{"line":10,"column":4}},"6":{"start":{"line":9,"column":2},"end":{"line":9,"column":24}},"7":{"start":{"line":12,"column":1},"end":{"line":17,"column":3}},"8":{"start":{"line":20,"column":0},"end":{"line":20,"column":21}}},"fnMap":{"0":{"name":"(anonymous_1)","decl":{"start":{"line":7,"column":14},"end":{"line":7,"column":15}},"loc":{"start":{"line":7,"column":35},"end":{"line":18,"column":1}}},"1":{"name":"(anonymous_2)","decl":{"start":{"line":8,"column":20},"end":{"line":8,"column":21}},"loc":{"start":{"line":8,"column":33},"end":{"line":10,"column":2}}}},"branchMap":{},"s":{"0":3,"1":3,"2":3,"3":3,"4":3,"5":3,"6":0,"7":3,"8":3},"f":{"0":3,"1":0},"b":{}}
,"/home/nocosttolove/Projetos/Controle Farmacêutico/api/src/app/routes/usuarioRoutes.ts": {"path":"/home/nocosttolove/Projetos/Controle Farmacêutico/api/src/app/routes/usuarioRoutes.ts","statementMap":{"0":{"start":{"line":1,"column":0},"end":{"line":1,"column":33}},"1":{"start":{"line":2,"column":0},"end":{"line":2,"column":69}},"2":{"start":{"line":4,"column":22},"end":{"line":4,"column":30}},"3":{"start":{"line":6,"column":0},"end":{"line":10,"column":45}},"4":{"start":{"line":12,"column":0},"end":{"line":12,"column":67}},"5":{"start":{"line":13,"column":0},"end":{"line":13,"column":65}},"6":{"start":{"line":15,"column":0},"end":{"line":15,"column":null}}},"fnMap":{},"branchMap":{},"s":{"0":3,"1":3,"2":3,"3":3,"4":3,"5":3,"6":3},"f":{},"b":{}}
,"/home/nocosttolove/Projetos/Controle Farmacêutico/api/src/app/services/create.usuario.service.ts": {"path":"/home/nocosttolove/Projetos/Controle Farmacêutico/api/src/app/services/create.usuario.service.ts","statementMap":{"0":{"start":{"line":2,"column":0},"end":{"line":2,"column":67}},"1":{"start":{"line":3,"column":0},"end":{"line":3,"column":28}},"2":{"start":{"line":4,"column":0},"end":{"line":4,"column":51}},"3":{"start":{"line":8,"column":15},"end":{"line":8,"column":35}},"4":{"start":{"line":9,"column":30},"end":{"line":9,"column":39}},"5":{"start":{"line":11,"column":1},"end":{"line":29,"column":2}},"6":{"start":{"line":12,"column":22},"end":{"line":12,"column":41}},"7":{"start":{"line":14,"column":2},"end":{"line":23,"column":3}},"8":{"start":{"line":15,"column":3},"end":{"line":20,"column":4}},"9":{"start":{"line":16,"column":4},"end":{"line":19,"column":6}},"10":{"start":{"line":22,"column":3},"end":{"line":22,"column":38}},"11":{"start":{"line":25,"column":15},"end":{"line":25,"column":38}},"12":{"start":{"line":26,"column":15},"end":{"line":26,"column":45}},"13":{"start":{"line":28,"column":2},"end":{"line":28,"column":20}},"14":{"start":{"line":31,"column":18},"end":{"line":31,"column":61}},"15":{"start":{"line":33,"column":14},"end":{"line":35,"column":null}},"16":{"start":{"line":38,"column":1},"end":{"line":46,"column":2}},"17":{"start":{"line":39,"column":2},"end":{"line":45,"column":null}},"18":{"start":{"line":48,"column":1},"end":{"line":53,"column":2}},"19":{"start":{"line":49,"column":2},"end":{"line":52,"column":4}},"20":{"start":{"line":55,"column":1},"end":{"line":55,"column":16}},"21":{"start":{"line":58,"column":0},"end":{"line":58,"column":36}}},"fnMap":{"0":{"name":"createUsuarioService","decl":{"start":{"line":7,"column":15},"end":{"line":7,"column":35}},"loc":{"start":{"line":7,"column":49},"end":{"line":56,"column":null}}}},"branchMap":{"0":{"loc":{"start":{"line":11,"column":1},"end":{"line":29,"column":2}},"type":"if","locations":[{"start":{"line":11,"column":1},"end":{"line":29,"column":2}}]},"1":{"loc":{"start":{"line":14,"column":2},"end":{"line":23,"column":3}},"type":"if","locations":[{"start":{"line":14,"column":2},"end":{"line":23,"column":3}}]},"2":{"loc":{"start":{"line":15,"column":3},"end":{"line":20,"column":4}},"type":"if","locations":[{"start":{"line":15,"column":3},"end":{"line":20,"column":4}}]},"3":{"loc":{"start":{"line":38,"column":1},"end":{"line":46,"column":2}},"type":"if","locations":[{"start":{"line":38,"column":1},"end":{"line":46,"column":2}}]},"4":{"loc":{"start":{"line":42,"column":7},"end":{"line":42,"column":17}},"type":"cond-expr","locations":[{"start":{"line":42,"column":11},"end":{"line":42,"column":13}},{"start":{"line":42,"column":7},"end":{"line":42,"column":17}}]},"5":{"loc":{"start":{"line":42,"column":7},"end":{"line":42,"column":13}},"type":"binary-expr","locations":[{"start":{"line":42,"column":7},"end":{"line":42,"column":13}},{"start":{"line":42,"column":7},"end":{"line":42,"column":13}}]},"6":{"loc":{"start":{"line":48,"column":1},"end":{"line":53,"column":2}},"type":"if","locations":[{"start":{"line":48,"column":1},"end":{"line":53,"column":2}}]}},"s":{"0":3,"1":3,"2":3,"3":3,"4":3,"5":3,"6":2,"7":2,"8":0,"9":0,"10":0,"11":2,"12":2,"13":2,"14":3,"15":3,"16":3,"17":2,"18":3,"19":2,"20":1,"21":3},"f":{"0":3},"b":{"0":[2],"1":[0],"2":[0],"3":[2],"4":[2,0],"5":[2,2],"6":[2]}}
,"/home/nocosttolove/Projetos/Controle Farmacêutico/api/src/app/utils/validarCPF.ts": {"path":"/home/nocosttolove/Projetos/Controle Farmacêutico/api/src/app/utils/validarCPF.ts","statementMap":{"0":{"start":{"line":4,"column":1},"end":{"line":4,"column":10}},"1":{"start":{"line":5,"column":1},"end":{"line":5,"column":43}},"2":{"start":{"line":5,"column":30},"end":{"line":5,"column":43}},"3":{"start":{"line":7,"column":1},"end":{"line":8,"column":64}},"4":{"start":{"line":7,"column":14},"end":{"line":7,"column":15}},"5":{"start":{"line":8,"column":2},"end":{"line":8,"column":64}},"6":{"start":{"line":9,"column":1},"end":{"line":9,"column":26}},"7":{"start":{"line":11,"column":1},"end":{"line":11,"column":43}},"8":{"start":{"line":11,"column":33},"end":{"line":11,"column":43}},"9":{"start":{"line":12,"column":1},"end":{"line":12,"column":62}},"10":{"start":{"line":12,"column":49},"end":{"line":12,"column":62}},"11":{"start":{"line":14,"column":1},"end":{"line":14,"column":10}},"12":{"start":{"line":15,"column":1},"end":{"line":16,"column":64}},"13":{"start":{"line":15,"column":14},"end":{"line":15,"column":15}},"14":{"start":{"line":16,"column":2},"end":{"line":16,"column":64}},"15":{"start":{"line":17,"column":1},"end":{"line":17,"column":26}},"16":{"start":{"line":19,"column":1},"end":{"line":19,"column":43}},"17":{"start":{"line":19,"column":33},"end":{"line":19,"column":43}},"18":{"start":{"line":20,"column":1},"end":{"line":20,"column":63}},"19":{"start":{"line":20,"column":50},"end":{"line":20,"column":63}},"20":{"start":{"line":21,"column":1},"end":{"line":21,"column":13}},"21":{"start":{"line":24,"column":0},"end":{"line":24,"column":null}}},"fnMap":{"0":{"name":"validarCPF","decl":{"start":{"line":1,"column":9},"end":{"line":1,"column":19}},"loc":{"start":{"line":1,"column":34},"end":{"line":22,"column":1}}}},"branchMap":{"0":{"loc":{"start":{"line":5,"column":1},"end":{"line":5,"column":43}},"type":"if","locations":[{"start":{"line":5,"column":1},"end":{"line":5,"column":43}}]},"1":{"loc":{"start":{"line":11,"column":1},"end":{"line":11,"column":43}},"type":"if","locations":[{"start":{"line":11,"column":1},"end":{"line":11,"column":43}}]},"2":{"loc":{"start":{"line":11,"column":5},"end":{"line":11,"column":31}},"type":"binary-expr","locations":[{"start":{"line":11,"column":5},"end":{"line":11,"column":16}},{"start":{"line":11,"column":20},"end":{"line":11,"column":31}}]},"3":{"loc":{"start":{"line":12,"column":1},"end":{"line":12,"column":62}},"type":"if","locations":[{"start":{"line":12,"column":1},"end":{"line":12,"column":62}}]},"4":{"loc":{"start":{"line":19,"column":1},"end":{"line":19,"column":43}},"type":"if","locations":[{"start":{"line":19,"column":1},"end":{"line":19,"column":43}}]},"5":{"loc":{"start":{"line":19,"column":5},"end":{"line":19,"column":31}},"type":"binary-expr","locations":[{"start":{"line":19,"column":5},"end":{"line":19,"column":16}},{"start":{"line":19,"column":20},"end":{"line":19,"column":31}}]},"6":{"loc":{"start":{"line":20,"column":1},"end":{"line":20,"column":63}},"type":"if","locations":[{"start":{"line":20,"column":1},"end":{"line":20,"column":63}}]}},"s":{"0":1,"1":1,"2":0,"3":1,"4":1,"5":9,"6":1,"7":1,"8":0,"9":1,"10":0,"11":1,"12":1,"13":1,"14":10,"15":1,"16":1,"17":0,"18":1,"19":0,"20":1,"21":4},"f":{"0":1},"b":{"0":[0],"1":[0],"2":[1,1],"3":[0],"4":[0],"5":[1,1],"6":[0]}}
,"/home/nocosttolove/Projetos/Controle Farmacêutico/api/src/app/utils/validators.ts": {"path":"/home/nocosttolove/Projetos/Controle Farmacêutico/api/src/app/utils/validators.ts","statementMap":{"0":{"start":{"line":1,"column":0},"end":{"line":1,"column":32}},"1":{"start":{"line":4,"column":1},"end":{"line":4,"column":36}},"2":{"start":{"line":25,"column":9},"end":{"line":25,"column":18}},"3":{"start":{"line":8,"column":15},"end":{"line":8,"column":49}},"4":{"start":{"line":10,"column":1},"end":{"line":10,"column":22}},"5":{"start":{"line":25,"column":20},"end":{"line":25,"column":32}},"6":{"start":{"line":14,"column":15},"end":{"line":14,"column":73}},"7":{"start":{"line":16,"column":1},"end":{"line":16,"column":22}},"8":{"start":{"line":25,"column":34},"end":{"line":25,"column":54}},"9":{"start":{"line":20,"column":15},"end":{"line":20,"column":72}},"10":{"start":{"line":22,"column":1},"end":{"line":22,"column":22}},"11":{"start":{"line":25,"column":56},"end":{"line":25,"column":68}}},"fnMap":{"0":{"name":"validarID","decl":{"start":{"line":3,"column":9},"end":{"line":3,"column":18}},"loc":{"start":{"line":3,"column":26},"end":{"line":5,"column":1}}},"1":{"name":"validarEmail","decl":{"start":{"line":7,"column":9},"end":{"line":7,"column":21}},"loc":{"start":{"line":7,"column":31},"end":{"line":11,"column":1}}},"2":{"name":"validarNomeDeUsuario","decl":{"start":{"line":13,"column":9},"end":{"line":13,"column":29}},"loc":{"start":{"line":13,"column":39},"end":{"line":17,"column":1}}},"3":{"name":"validarSenha","decl":{"start":{"line":19,"column":9},"end":{"line":19,"column":21}},"loc":{"start":{"line":19,"column":31},"end":{"line":23,"column":1}}}},"branchMap":{},"s":{"0":4,"1":1,"2":4,"3":2,"4":2,"5":4,"6":2,"7":2,"8":4,"9":2,"10":2,"11":4},"f":{"0":1,"1":2,"2":2,"3":2},"b":{}}
,"/home/nocosttolove/Projetos/Controle Farmacêutico/api/src/config/database_config.ts": {"path":"/home/nocosttolove/Projetos/Controle Farmacêutico/api/src/config/database_config.ts","statementMap":{"0":{"start":{"line":1,"column":0},"end":{"line":1,"column":33}},"1":{"start":{"line":2,"column":0},"end":{"line":2,"column":32}},"2":{"start":{"line":5,"column":1},"end":{"line":5,"column":17}},"3":{"start":{"line":7,"column":20},"end":{"line":7,"column":31}},"4":{"start":{"line":9,"column":1},"end":{"line":9,"column":35}},"5":{"start":{"line":11,"column":1},"end":{"line":18,"column":5}},"6":{"start":{"line":14,"column":3},"end":{"line":14,"column":60}},"7":{"start":{"line":17,"column":3},"end":{"line":17,"column":75}},"8":{"start":{"line":20,"column":1},"end":{"line":23,"column":3}},"9":{"start":{"line":25,"column":1},"end":{"line":27,"column":4}},"10":{"start":{"line":26,"column":2},"end":{"line":26,"column":59}},"11":{"start":{"line":30,"column":0},"end":{"line":30,"column":25}}},"fnMap":{"0":{"name":"ConnectDB","decl":{"start":{"line":4,"column":15},"end":{"line":4,"column":24}},"loc":{"start":{"line":4,"column":24},"end":{"line":28,"column":null}}},"1":{"name":"(anonymous_16)","decl":{"start":{"line":13,"column":8},"end":{"line":13,"column":9}},"loc":{"start":{"line":13,"column":16},"end":{"line":15,"column":3}}},"2":{"name":"(anonymous_17)","decl":{"start":{"line":16,"column":9},"end":{"line":16,"column":10}},"loc":{"start":{"line":16,"column":19},"end":{"line":18,"column":3}}},"3":{"name":"(anonymous_18)","decl":{"start":{"line":25,"column":34},"end":{"line":25,"column":37}},"loc":{"start":{"line":25,"column":39},"end":{"line":27,"column":2}}}},"branchMap":{"0":{"loc":{"start":{"line":12,"column":11},"end":{"line":12,"column":23}},"type":"binary-expr","locations":[{"start":{"line":12,"column":11},"end":{"line":12,"column":17}},{"start":{"line":12,"column":21},"end":{"line":12,"column":23}}]}},"s":{"0":3,"1":3,"2":3,"3":3,"4":3,"5":3,"6":3,"7":0,"8":3,"9":3,"10":0,"11":3},"f":{"0":3,"1":3,"2":0,"3":0},"b":{"0":[3,0]}}
,"/home/nocosttolove/Projetos/Controle Farmacêutico/api/src/types/Entidade.ts": {"path":"/home/nocosttolove/Projetos/Controle Farmacêutico/api/src/types/Entidade.ts","statementMap":{"0":{"start":{"line":13,"column":2},"end":{"line":13,"column":23}},"1":{"start":{"line":14,"column":2},"end":{"line":14,"column":29}},"2":{"start":{"line":15,"column":2},"end":{"line":15,"column":37}},"3":{"start":{"line":19,"column":0},"end":{"line":19,"column":24}}},"fnMap":{"0":{"name":"(anonymous_0)","decl":{"start":{"line":12,"column":1},"end":{"line":12,"column":13}},"loc":{"start":{"line":12,"column":60},"end":{"line":16,"column":2}}}},"branchMap":{},"s":{"0":1,"1":1,"2":1,"3":1},"f":{"0":1},"b":{}}
,"/home/nocosttolove/Projetos/Controle Farmacêutico/api/src/types/Usuario.ts": {"path":"/home/nocosttolove/Projetos/Controle Farmacêutico/api/src/types/Usuario.ts","statementMap":{"0":{"start":{"line":41,"column":6},"end":{"line":41,"column":13}},"1":{"start":{"line":43,"column":2},"end":{"line":43,"column":17}},"2":{"start":{"line":45,"column":2},"end":{"line":51,"column":3}},"3":{"start":{"line":46,"column":3},"end":{"line":50,"column":5}},"4":{"start":{"line":52,"column":2},"end":{"line":52,"column":21}},"5":{"start":{"line":53,"column":2},"end":{"line":53,"column":31}},"6":{"start":{"line":54,"column":2},"end":{"line":54,"column":37}},"7":{"start":{"line":55,"column":2},"end":{"line":55,"column":35}},"8":{"start":{"line":56,"column":2},"end":{"line":56,"column":41}},"9":{"start":{"line":57,"column":2},"end":{"line":57,"column":21}},"10":{"start":{"line":61,"column":0},"end":{"line":61,"column":23}}},"fnMap":{"0":{"name":"(anonymous_0)","decl":{"start":{"line":31,"column":1},"end":{"line":31,"column":13}},"loc":{"start":{"line":31,"column":29},"end":{"line":58,"column":2}}}},"branchMap":{"0":{"loc":{"start":{"line":45,"column":2},"end":{"line":51,"column":3}},"type":"if","locations":[{"start":{"line":45,"column":2},"end":{"line":51,"column":3}}]},"1":{"loc":{"start":{"line":48,"column":5},"end":{"line":48,"column":72}},"type":"binary-expr","locations":[{"start":{"line":48,"column":5},"end":{"line":48,"column":26}},{"start":{"line":48,"column":30},"end":{"line":48,"column":72}}]},"2":{"loc":{"start":{"line":49,"column":12},"end":{"line":49,"column":53}},"type":"binary-expr","locations":[{"start":{"line":49,"column":12},"end":{"line":49,"column":40}},{"start":{"line":49,"column":44},"end":{"line":49,"column":53}}]}},"s":{"0":4,"1":4,"2":4,"3":3,"4":4,"5":4,"6":4,"7":4,"8":4,"9":4,"10":3},"f":{"0":4},"b":{"0":[3],"1":[3,3],"2":[3,1]}}
}
