TN:
SF:src/app/app.ts
FNF:0
FNH:0
DA:1,3
DA:2,3
DA:3,3
DA:4,3
DA:6,3
DA:8,3
DA:10,3
DA:11,3
DA:13,3
DA:15,3
LF:10
LH:10
BRF:0
BRH:0
end_of_record
TN:
SF:src/app/controllers/AutenticacaoControllers.ts
FN:7,(anonymous_8)
FN:22,(anonymous_10)
FN:26,(anonymous_12)
FN:30,(anonymous_14)
FN:34,(anonymous_16)
FN:38,(anonymous_18)
FNF:6
FNH:2
FNDA:3,(anonymous_8)
FNDA:3,(anonymous_10)
FNDA:0,(anonymous_12)
FNDA:0,(anonymous_14)
FNDA:0,(anonymous_16)
FNDA:0,(anonymous_18)
DA:2,3
DA:3,3
DA:7,3
DA:8,3
DA:10,3
DA:11,3
DA:13,3
DA:15,1
DA:17,2
DA:18,2
DA:22,3
DA:23,3
DA:26,3
DA:27,0
DA:30,3
DA:31,0
DA:34,3
DA:35,0
DA:38,3
DA:39,0
DA:42,3
LF:21
LH:17
BRF:0
BRH:0
end_of_record
TN:
SF:src/app/controllers/EntidadesControllers.ts
FN:4,(anonymous_7)
FN:8,(anonymous_9)
FN:12,(anonymous_11)
FN:16,(anonymous_13)
FN:20,(anonymous_15)
FNF:5
FNH:4
FNDA:2,(anonymous_7)
FNDA:1,(anonymous_9)
FNDA:3,(anonymous_11)
FNDA:0,(anonymous_13)
FNDA:2,(anonymous_15)
DA:4,3
DA:5,2
DA:8,3
DA:9,1
DA:12,3
DA:13,3
DA:16,3
DA:17,0
DA:20,3
DA:21,2
DA:24,3
LF:11
LH:10
BRF:0
BRH:0
end_of_record
TN:
SF:src/app/controllers/FarmaciasControllers.ts
FN:4,(anonymous_7)
FN:12,(anonymous_9)
FN:16,(anonymous_11)
FN:20,(anonymous_13)
FN:24,(anonymous_15)
FN:28,(anonymous_17)
FN:36,(anonymous_19)
FNF:7
FNH:0
FNDA:0,(anonymous_7)
FNDA:0,(anonymous_9)
FNDA:0,(anonymous_11)
FNDA:0,(anonymous_13)
FNDA:0,(anonymous_15)
FNDA:0,(anonymous_17)
FNDA:0,(anonymous_19)
DA:4,3
DA:9,0
DA:12,3
DA:13,0
DA:16,3
DA:17,0
DA:20,3
DA:21,0
DA:24,3
DA:25,0
DA:28,3
DA:33,0
DA:36,3
DA:41,0
DA:45,3
LF:15
LH:8
BRF:0
BRH:0
end_of_record
TN:
SF:src/app/controllers/UsuariosControllers.ts
FN:4,(anonymous_7)
FN:8,(anonymous_9)
FN:12,(anonymous_11)
FN:16,(anonymous_13)
FN:20,(anonymous_15)
FNF:5
FNH:0
FNDA:0,(anonymous_7)
FNDA:0,(anonymous_9)
FNDA:0,(anonymous_11)
FNDA:0,(anonymous_13)
FNDA:0,(anonymous_15)
DA:4,3
DA:5,0
DA:8,3
DA:9,0
DA:12,3
DA:13,0
DA:16,3
DA:17,0
DA:20,3
DA:21,0
DA:24,3
LF:11
LH:6
BRF:0
BRH:0
end_of_record
TN:
SF:src/app/models/Usuario.ts
FN:41,(anonymous_1)
FN:79,(anonymous_2)
FNF:2
FNH:2
FNDA:1,(anonymous_1)
FNDA:2,(anonymous_2)
DA:1,4
DA:2,4
DA:3,4
DA:9,4
DA:34,4
DA:42,1
DA:80,2
DA:92,4
DA:94,4
LF:9
LH:9
BRF:0
BRH:0
end_of_record
TN:
SF:src/app/repositories/Usuario.repository.ts
FN:7,(anonymous_8)
FN:8,(anonymous_9)
FN:9,(anonymous_10)
FN:40,(anonymous_12)
FN:54,(anonymous_13)
FN:55,(anonymous_14)
FNF:6
FNH:2
FNDA:0,(anonymous_8)
FNDA:0,(anonymous_9)
FNDA:3,(anonymous_10)
FNDA:7,(anonymous_12)
FNDA:0,(anonymous_13)
FNDA:0,(anonymous_14)
DA:3,3
DA:10,3
DA:11,3
DA:13,3
DA:15,3
DA:16,1
DA:19,3
DA:21,3
DA:22,1
DA:27,2
DA:28,2
DA:30,1
DA:31,1
DA:32,1
DA:33,1
DA:35,1
DA:39,1
DA:40,1
DA:41,7
DA:45,1
DA:52,3
DA:58,3
LF:22
LH:22
BRDA:15,0,0,1
BRDA:21,1,0,1
BRDA:21,1,1,2
BRDA:35,2,0,1
BRDA:36,3,0,1
BRDA:36,3,1,1
BRF:6
BRH:6
end_of_record
TN:
SF:src/app/routes/autenticacaoRoutes.ts
FNF:0
FNH:0
DA:1,3
DA:2,3
DA:4,3
DA:6,3
DA:7,3
DA:8,3
DA:9,3
DA:10,3
DA:11,3
DA:13,3
LF:10
LH:10
BRF:0
BRH:0
end_of_record
TN:
SF:src/app/routes/entidadesRoutes.ts
FNF:0
FNH:0
DA:1,3
DA:2,3
DA:4,3
DA:6,3
DA:8,3
DA:10,3
DA:16,3
LF:7
LH:7
BRF:0
BRH:0
end_of_record
TN:
SF:src/app/routes/farmaciaRoutes.ts
FNF:0
FNH:0
DA:1,3
DA:2,3
DA:4,3
DA:6,3
DA:7,3
DA:9,3
DA:10,3
DA:12,3
DA:18,3
LF:9
LH:9
BRF:0
BRH:0
end_of_record
TN:
SF:src/app/routes/index.ts
FN:7,(anonymous_1)
FN:8,(anonymous_2)
FNF:2
FNH:1
FNDA:3,(anonymous_1)
FNDA:0,(anonymous_2)
DA:2,3
DA:3,3
DA:4,3
DA:5,3
DA:7,3
DA:8,3
DA:9,0
DA:12,3
DA:20,3
LF:9
LH:8
BRF:0
BRH:0
end_of_record
TN:
SF:src/app/routes/usuarioRoutes.ts
FNF:0
FNH:0
DA:1,3
DA:2,3
DA:4,3
DA:6,3
DA:12,3
DA:13,3
DA:15,3
LF:7
LH:7
BRF:0
BRH:0
end_of_record
TN:
SF:src/app/services/create.usuario.service.ts
FN:7,createUsuarioService
FNF:1
FNH:1
FNDA:3,createUsuarioService
DA:2,3
DA:3,3
DA:4,3
DA:8,3
DA:9,3
DA:11,3
DA:12,2
DA:14,2
DA:15,0
DA:16,0
DA:22,0
DA:25,2
DA:26,2
DA:28,2
DA:31,3
DA:33,3
DA:38,3
DA:39,2
DA:48,3
DA:49,2
DA:55,1
DA:58,3
LF:22
LH:19
BRDA:11,0,0,2
BRDA:14,1,0,0
BRDA:15,2,0,0
BRDA:38,3,0,2
BRDA:42,4,0,2
BRDA:42,4,1,0
BRDA:42,5,0,2
BRDA:42,5,1,2
BRDA:48,6,0,2
BRF:9
BRH:6
end_of_record
TN:
SF:src/app/utils/validarCPF.ts
FN:1,validarCPF
FNF:1
FNH:1
FNDA:1,validarCPF
DA:4,1
DA:5,1
DA:7,1
DA:8,9
DA:9,1
DA:11,1
DA:12,1
DA:14,1
DA:15,1
DA:16,10
DA:17,1
DA:19,1
DA:20,1
DA:21,1
DA:24,4
LF:15
LH:15
BRDA:5,0,0,0
BRDA:11,1,0,0
BRDA:11,2,0,1
BRDA:11,2,1,1
BRDA:12,3,0,0
BRDA:19,4,0,0
BRDA:19,5,0,1
BRDA:19,5,1,1
BRDA:20,6,0,0
BRF:9
BRH:4
end_of_record
TN:
SF:src/app/utils/validators.ts
FN:3,validarID
FN:7,validarEmail
FN:13,validarNomeDeUsuario
FN:19,validarSenha
FNF:4
FNH:4
FNDA:1,validarID
FNDA:2,validarEmail
FNDA:2,validarNomeDeUsuario
FNDA:2,validarSenha
DA:1,4
DA:4,1
DA:8,2
DA:10,2
DA:14,2
DA:16,2
DA:20,2
DA:22,2
DA:25,4
LF:9
LH:9
BRF:0
BRH:0
end_of_record
TN:
SF:src/config/database_config.ts
FN:4,ConnectDB
FN:13,(anonymous_16)
FN:16,(anonymous_17)
FN:25,(anonymous_18)
FNF:4
FNH:2
FNDA:3,ConnectDB
FNDA:3,(anonymous_16)
FNDA:0,(anonymous_17)
FNDA:0,(anonymous_18)
DA:1,3
DA:2,3
DA:5,3
DA:7,3
DA:9,3
DA:11,3
DA:14,3
DA:17,0
DA:20,3
DA:25,3
DA:26,0
DA:30,3
LF:12
LH:10
BRDA:12,0,0,3
BRDA:12,0,1,0
BRF:2
BRH:1
end_of_record
TN:
SF:src/types/Entidade.ts
FN:12,(anonymous_0)
FNF:1
FNH:1
FNDA:1,(anonymous_0)
DA:13,1
DA:14,1
DA:15,1
DA:19,1
LF:4
LH:4
BRF:0
BRH:0
end_of_record
TN:
SF:src/types/Usuario.ts
FN:31,(anonymous_0)
FNF:1
FNH:1
FNDA:4,(anonymous_0)
DA:41,4
DA:43,4
DA:45,4
DA:46,3
DA:52,4
DA:53,4
DA:54,4
DA:55,4
DA:56,4
DA:57,4
DA:61,3
LF:11
LH:11
BRDA:45,0,0,3
BRDA:48,1,0,3
BRDA:48,1,1,3
BRDA:49,2,0,3
BRDA:49,2,1,1
BRF:5
BRH:5
end_of_record
